CMPUT301F24mikasa/app/build/intermediates/manifest_merge_blame_file/debug/processDebugMainManifest/manifest-merger-blame-debug-report.txt
1<?xml version="1.0" encoding="utf-8"?>
2<manifest xmlns:android="http://schemas.android.com/apk/res/android"
3    package="com.example.cmput301f24mikasa"
4    android:versionCode="1"
5    android:versionName="1.0" >
6
7    <uses-sdk
8        android:minSdkVersion="24"
9        android:targetSdkVersion="34" />
10    <!-- Although the *SdkVersion is captured in gradle build files, this is required for non gradle builds -->
11    <!-- <uses-sdk android:minSdkVersion="21" /> -->
12    <uses-permission android:name="android.permission.ACCESS_NETWORK_STATE" />
12-->[com.google.firebase:firebase-firestore:25.1.0] AndroidManifest.xml:10:5-79
12-->[com.google.firebase:firebase-firestore:25.1.0] AndroidManifest.xml:10:22-76
13    <uses-permission android:name="android.permission.INTERNET" />
13-->[com.google.firebase:firebase-firestore:25.1.0] AndroidManifest.xml:11:5-67
13-->[com.google.firebase:firebase-firestore:25.1.0] AndroidManifest.xml:11:22-64
14
15    <permission
15-->[androidx.core:core:1.13.0] AndroidManifest.xml:22:5-24:47
16        android:name="com.example.cmput301f24mikasa.DYNAMIC_RECEIVER_NOT_EXPORTED_PERMISSION"
16-->[androidx.core:core:1.13.0] AndroidManifest.xml:23:9-81
17        android:protectionLevel="signature" />
17-->[androidx.core:core:1.13.0] AndroidManifest.xml:24:9-44
18
19    <uses-permission android:name="com.example.cmput301f24mikasa.DYNAMIC_RECEIVER_NOT_EXPORTED_PERMISSION" />
19-->[androidx.core:core:1.13.0] AndroidManifest.xml:26:5-97
19-->[androidx.core:core:1.13.0] AndroidManifest.xml:26:22-94
20
21    <application
21-->src\main\AndroidManifest.xml:5:5-47:19
22        android:allowBackup="true"
22-->src\main\AndroidManifest.xml:6:9-35
23        android:appComponentFactory="androidx.core.app.CoreComponentFactory"
23-->[androidx.core:core:1.13.0] AndroidManifest.xml:28:18-86
24        android:dataExtractionRules="@xml/data_extraction_rules"
24-->src\main\AndroidManifest.xml:7:9-65
25        android:debuggable="true"
26        android:extractNativeLibs="false"
27        android:fullBackupContent="@xml/backup_rules"
27-->src\main\AndroidManifest.xml:8:9-54
28        android:icon="@mipmap/ic_launcher"
28-->src\main\AndroidManifest.xml:9:9-43
29        android:label="@string/app_name"
29-->src\main\AndroidManifest.xml:10:9-41
30        android:roundIcon="@mipmap/ic_launcher_round"
30-->src\main\AndroidManifest.xml:11:9-54
31        android:supportsRtl="true"
31-->src\main\AndroidManifest.xml:12:9-35
32        android:testOnly="true"
33        android:theme="@style/Theme.CMPUT301F24mikasa" >
33-->src\main\AndroidManifest.xml:13:9-55
34        <activity
34-->src\main\AndroidManifest.xml:16:9-23:20
35            android:name="com.example.cmput301f24mikasa.MainActivity"
35-->src\main\AndroidManifest.xml:17:13-41
36            android:exported="true" >
36-->src\main\AndroidManifest.xml:18:13-36
37            <intent-filter>
37-->src\main\AndroidManifest.xml:19:13-22:29
38                <action android:name="android.intent.action.MAIN" />
38-->src\main\AndroidManifest.xml:20:17-69
38-->src\main\AndroidManifest.xml:20:25-66
39
40                <category android:name="android.intent.category.LAUNCHER" />
40-->src\main\AndroidManifest.xml:21:17-77
40-->src\main\AndroidManifest.xml:21:27-74
41            </intent-filter>
42        </activity>
43
44        <!-- Admin Dashboard Activities -->
45        <activity
45-->src\main\AndroidManifest.xml:26:9-84
46            android:name="com.example.cmput301f24mikasa.AdminDashboardActivity"
46-->src\main\AndroidManifest.xml:26:19-57
47            android:exported="true" />
47-->src\main\AndroidManifest.xml:26:58-81
48        <activity
48-->src\main\AndroidManifest.xml:27:9-82
49            android:name="com.example.cmput301f24mikasa.ManageEventsActivity"
49-->src\main\AndroidManifest.xml:27:19-55
50            android:exported="true" />
50-->src\main\AndroidManifest.xml:27:56-79
51        <activity
51-->src\main\AndroidManifest.xml:28:9-84
52            android:name="com.example.cmput301f24mikasa.ManageProfilesActivity"
52-->src\main\AndroidManifest.xml:28:19-57
53            android:exported="true" />
53-->src\main\AndroidManifest.xml:28:58-81
54        <activity
54-->src\main\AndroidManifest.xml:29:9-82
55            android:name="com.example.cmput301f24mikasa.ManageImagesActivity"
55-->src\main\AndroidManifest.xml:29:19-55
56            android:exported="true" />
56-->src\main\AndroidManifest.xml:29:56-79
57        <activity
57-->src\main\AndroidManifest.xml:30:9-86
58            android:name="com.example.cmput301f24mikasa.ManageFacilitiesActivity"
58-->src\main\AndroidManifest.xml:30:19-59
59            android:exported="true" />
59-->src\main\AndroidManifest.xml:30:60-83
60        <activity
60-->src\main\AndroidManifest.xml:31:9-81
61            android:name="com.example.cmput301f24mikasa.ViewReportsActivity"
61-->src\main\AndroidManifest.xml:31:19-54
62            android:exported="true" />
62-->src\main\AndroidManifest.xml:31:55-78
63
64        <!-- Organizer Dashboard Activities -->
65        <activity
65-->src\main\AndroidManifest.xml:34:9-88
66            android:name="com.example.cmput301f24mikasa.OrganizerDashboardActivity"
66-->src\main\AndroidManifest.xml:34:19-61
67            android:exported="true" />
67-->src\main\AndroidManifest.xml:34:62-85
68        <activity
68-->src\main\AndroidManifest.xml:35:9-81
69            android:name="com.example.cmput301f24mikasa.CreateEventActivity"
69-->src\main\AndroidManifest.xml:35:19-54
70            android:exported="true" />
70-->src\main\AndroidManifest.xml:35:55-78
71        <activity
71-->src\main\AndroidManifest.xml:36:9-91
72            android:name="com.example.cmput301f24mikasa.OrganizerManageEventsActivity"
72-->src\main\AndroidManifest.xml:36:19-64
73            android:exported="true" />
73-->src\main\AndroidManifest.xml:36:65-88
74        <activity
74-->src\main\AndroidManifest.xml:37:9-85
75            android:name="com.example.cmput301f24mikasa.FacilityProfileActivity"
75-->src\main\AndroidManifest.xml:37:19-58
76            android:exported="true" />
76-->src\main\AndroidManifest.xml:37:59-82
77
78        <!-- User Dashboard Activities -->
79        <activity
79-->src\main\AndroidManifest.xml:40:9-83
80            android:name="com.example.cmput301f24mikasa.UserDashboardActivity"
80-->src\main\AndroidManifest.xml:40:19-56
81            android:exported="true" />
81-->src\main\AndroidManifest.xml:40:57-80
82        <activity
82-->src\main\AndroidManifest.xml:41:9-87
83            android:name="com.example.cmput301f24mikasa.UserNotificationsActivity"
83-->src\main\AndroidManifest.xml:41:19-60
84            android:exported="true" />
84-->src\main\AndroidManifest.xml:41:61-84
85        <activity
85-->src\main\AndroidManifest.xml:42:9-81
86            android:name="com.example.cmput301f24mikasa.UserProfileActivity"
86-->src\main\AndroidManifest.xml:42:19-54
87            android:exported="true" />
87-->src\main\AndroidManifest.xml:42:55-78
88        <activity
88-->src\main\AndroidManifest.xml:43:9-80
89            android:name="com.example.cmput301f24mikasa.UserEventsActivity"
89-->src\main\AndroidManifest.xml:43:19-53
90            android:exported="true" />
90-->src\main\AndroidManifest.xml:43:54-77
91        <activity
91-->src\main\AndroidManifest.xml:44:9-83
92            android:name="com.example.cmput301f24mikasa.UserQRScannerActivity"
92-->src\main\AndroidManifest.xml:44:19-56
93            android:exported="true" />
93-->src\main\AndroidManifest.xml:44:57-80
94        <activity
94-->src\main\AndroidManifest.xml:45:9-82
95            android:name="com.example.cmput301f24mikasa.UserLocationActivity"
95-->src\main\AndroidManifest.xml:45:19-55
96            android:exported="true" />
96-->src\main\AndroidManifest.xml:45:56-79
97
98        <service
98-->[com.google.firebase:firebase-firestore:25.1.0] AndroidManifest.xml:14:9-23:19
99            android:name="com.google.firebase.components.ComponentDiscoveryService"
99-->[com.google.firebase:firebase-firestore:25.1.0] AndroidManifest.xml:15:13-84
100            android:directBootAware="true"
100-->[com.google.firebase:firebase-common:21.0.0] AndroidManifest.xml:32:13-43
101            android:exported="false" >
101-->[com.google.firebase:firebase-firestore:25.1.0] AndroidManifest.xml:16:13-37
102            <meta-data
102-->[com.google.firebase:firebase-firestore:25.1.0] AndroidManifest.xml:17:13-19:85
103                android:name="com.google.firebase.components:com.google.firebase.firestore.FirebaseFirestoreKtxRegistrar"
103-->[com.google.firebase:firebase-firestore:25.1.0] AndroidManifest.xml:18:17-122
104                android:value="com.google.firebase.components.ComponentRegistrar" />
104-->[com.google.firebase:firebase-firestore:25.1.0] AndroidManifest.xml:19:17-82
105            <meta-data
105-->[com.google.firebase:firebase-firestore:25.1.0] AndroidManifest.xml:20:13-22:85
106                android:name="com.google.firebase.components:com.google.firebase.firestore.FirestoreRegistrar"
106-->[com.google.firebase:firebase-firestore:25.1.0] AndroidManifest.xml:21:17-111
107                android:value="com.google.firebase.components.ComponentRegistrar" />
107-->[com.google.firebase:firebase-firestore:25.1.0] AndroidManifest.xml:22:17-82
108            <meta-data
108-->[com.google.firebase:firebase-common-ktx:21.0.0] AndroidManifest.xml:12:13-14:85
109                android:name="com.google.firebase.components:com.google.firebase.ktx.FirebaseCommonLegacyRegistrar"
109-->[com.google.firebase:firebase-common-ktx:21.0.0] AndroidManifest.xml:13:17-116
110                android:value="com.google.firebase.components.ComponentRegistrar" />
110-->[com.google.firebase:firebase-common-ktx:21.0.0] AndroidManifest.xml:14:17-82
111            <meta-data
111-->[com.google.firebase:firebase-common:21.0.0] AndroidManifest.xml:35:13-37:85
112                android:name="com.google.firebase.components:com.google.firebase.FirebaseCommonKtxRegistrar"
112-->[com.google.firebase:firebase-common:21.0.0] AndroidManifest.xml:36:17-109
113                android:value="com.google.firebase.components.ComponentRegistrar" />
113-->[com.google.firebase:firebase-common:21.0.0] AndroidManifest.xml:37:17-82
114        </service>
115
116        <activity
116-->[com.google.android.gms:play-services-base:18.0.1] AndroidManifest.xml:20:9-22:45
117            android:name="com.google.android.gms.common.api.GoogleApiActivity"
117-->[com.google.android.gms:play-services-base:18.0.1] AndroidManifest.xml:20:19-85
118            android:exported="false"
118-->[com.google.android.gms:play-services-base:18.0.1] AndroidManifest.xml:22:19-43
119            android:theme="@android:style/Theme.Translucent.NoTitleBar" />
119-->[com.google.android.gms:play-services-base:18.0.1] AndroidManifest.xml:21:19-78
120
121        <provider
121-->[com.google.firebase:firebase-common:21.0.0] AndroidManifest.xml:23:9-28:39
122            android:name="com.google.firebase.provider.FirebaseInitProvider"
122-->[com.google.firebase:firebase-common:21.0.0] AndroidManifest.xml:24:13-77
123            android:authorities="com.example.cmput301f24mikasa.firebaseinitprovider"
123-->[com.google.firebase:firebase-common:21.0.0] AndroidManifest.xml:25:13-72
124            android:directBootAware="true"
124-->[com.google.firebase:firebase-common:21.0.0] AndroidManifest.xml:26:13-43
125            android:exported="false"
125-->[com.google.firebase:firebase-common:21.0.0] AndroidManifest.xml:27:13-37
126            android:initOrder="100" />
126-->[com.google.firebase:firebase-common:21.0.0] AndroidManifest.xml:28:13-36
127        <provider
127-->[androidx.emoji2:emoji2:1.3.0] AndroidManifest.xml:24:9-32:20
128            android:name="androidx.startup.InitializationProvider"
128-->[androidx.emoji2:emoji2:1.3.0] AndroidManifest.xml:25:13-67
129            android:authorities="com.example.cmput301f24mikasa.androidx-startup"
129-->[androidx.emoji2:emoji2:1.3.0] AndroidManifest.xml:26:13-68
130            android:exported="false" >
130-->[androidx.emoji2:emoji2:1.3.0] AndroidManifest.xml:27:13-37
131            <meta-data
131-->[androidx.emoji2:emoji2:1.3.0] AndroidManifest.xml:29:13-31:52
132                android:name="androidx.emoji2.text.EmojiCompatInitializer"
132-->[androidx.emoji2:emoji2:1.3.0] AndroidManifest.xml:30:17-75
133                android:value="androidx.startup" />
133-->[androidx.emoji2:emoji2:1.3.0] AndroidManifest.xml:31:17-49
134            <meta-data
134-->[androidx.lifecycle:lifecycle-process:2.6.2] AndroidManifest.xml:29:13-31:52
135                android:name="androidx.lifecycle.ProcessLifecycleInitializer"
135-->[androidx.lifecycle:lifecycle-process:2.6.2] AndroidManifest.xml:30:17-78
136                android:value="androidx.startup" />
136-->[androidx.lifecycle:lifecycle-process:2.6.2] AndroidManifest.xml:31:17-49
137            <meta-data
137-->[androidx.profileinstaller:profileinstaller:1.3.1] AndroidManifest.xml:29:13-31:52
138                android:name="androidx.profileinstaller.ProfileInstallerInitializer"
138-->[androidx.profileinstaller:profileinstaller:1.3.1] AndroidManifest.xml:30:17-85
139                android:value="androidx.startup" />
139-->[androidx.profileinstaller:profileinstaller:1.3.1] AndroidManifest.xml:31:17-49
140        </provider>
141
142        <meta-data
142-->[com.google.android.gms:play-services-basement:18.3.0] AndroidManifest.xml:21:9-23:69
143            android:name="com.google.android.gms.version"
143-->[com.google.android.gms:play-services-basement:18.3.0] AndroidManifest.xml:22:13-58
144            android:value="@integer/google_play_services_version" />
144-->[com.google.android.gms:play-services-basement:18.3.0] AndroidManifest.xml:23:13-66
145
146        <receiver
146-->[androidx.profileinstaller:profileinstaller:1.3.1] AndroidManifest.xml:34:9-52:20
147            android:name="androidx.profileinstaller.ProfileInstallReceiver"
147-->[androidx.profileinstaller:profileinstaller:1.3.1] AndroidManifest.xml:35:13-76
148            android:directBootAware="false"
148-->[androidx.profileinstaller:profileinstaller:1.3.1] AndroidManifest.xml:36:13-44
149            android:enabled="true"
149-->[androidx.profileinstaller:profileinstaller:1.3.1] AndroidManifest.xml:37:13-35
150            android:exported="true"
150-->[androidx.profileinstaller:profileinstaller:1.3.1] AndroidManifest.xml:38:13-36
151            android:permission="android.permission.DUMP" >
151-->[androidx.profileinstaller:profileinstaller:1.3.1] AndroidManifest.xml:39:13-57
152            <intent-filter>
152-->[androidx.profileinstaller:profileinstaller:1.3.1] AndroidManifest.xml:40:13-42:29
153                <action android:name="androidx.profileinstaller.action.INSTALL_PROFILE" />
153-->[androidx.profileinstaller:profileinstaller:1.3.1] AndroidManifest.xml:41:17-91
153-->[androidx.profileinstaller:profileinstaller:1.3.1] AndroidManifest.xml:41:25-88
154            </intent-filter>
155            <intent-filter>
155-->[androidx.profileinstaller:profileinstaller:1.3.1] AndroidManifest.xml:43:13-45:29
156                <action android:name="androidx.profileinstaller.action.SKIP_FILE" />
156-->[androidx.profileinstaller:profileinstaller:1.3.1] AndroidManifest.xml:44:17-85
156-->[androidx.profileinstaller:profileinstaller:1.3.1] AndroidManifest.xml:44:25-82
157            </intent-filter>
158            <intent-filter>
158-->[androidx.profileinstaller:profileinstaller:1.3.1] AndroidManifest.xml:46:13-48:29
159                <action android:name="androidx.profileinstaller.action.SAVE_PROFILE" />
159-->[androidx.profileinstaller:profileinstaller:1.3.1] AndroidManifest.xml:47:17-88
159-->[androidx.profileinstaller:profileinstaller:1.3.1] AndroidManifest.xml:47:25-85
160            </intent-filter>
161            <intent-filter>
161-->[androidx.profileinstaller:profileinstaller:1.3.1] AndroidManifest.xml:49:13-51:29
162                <action android:name="androidx.profileinstaller.action.BENCHMARK_OPERATION" />
162-->[androidx.profileinstaller:profileinstaller:1.3.1] AndroidManifest.xml:50:17-95
162-->[androidx.profileinstaller:profileinstaller:1.3.1] AndroidManifest.xml:50:25-92
163            </intent-filter>
164        </receiver>
165    </application>
166
167</manifest>